<?xml version="1.0" encoding="UTF-8"?>
<testng-results ignored="0" total="8" passed="8" failed="0" skipped="0">
  <reporter-output>
  </reporter-output>
  <suite started-at="2022-08-06T12:52:59 IST" name="Default suite" finished-at="2022-08-06T12:54:58 IST" duration-ms="119639">
    <groups>
      <group name="cucumber">
        <method signature="AbstractTestNGCucumberTests.runScenario(io.cucumber.testng.PickleWrapper,io.cucumber.testng.FeatureWrapper)[pri:0, instance:com.runners.RunnerClass@16612a51]" name="runScenario" class="io.cucumber.testng.AbstractTestNGCucumberTests"/>
      </group> <!-- cucumber -->
    </groups>
    <test started-at="2022-08-06T12:52:59 IST" name="Default test" finished-at="2022-08-06T12:54:58 IST" duration-ms="119639">
      <class name="com.runners.RunnerClass">
        <test-method is-config="true" signature="setUpClass(org.testng.ITestContext)[pri:0, instance:com.runners.RunnerClass@16612a51]" started-at="2022-08-06T12:52:59 IST" name="setUpClass" finished-at="2022-08-06T12:53:08 IST" duration-ms="8816" status="PASS">
          <params>
            <param index="0">
              <value>
                <![CDATA[org.testng.TestRunner@3180131e]]>
              </value>
            </param>
          </params>
          <reporter-output>
          </reporter-output>
        </test-method> <!-- setUpClass -->
        <test-method signature="runScenario(io.cucumber.testng.PickleWrapper,io.cucumber.testng.FeatureWrapper)[pri:0, instance:com.runners.RunnerClass@16612a51]" started-at="2022-08-06T12:53:08 IST" name="runScenario" description="Runs Cucumber Scenarios" data-provider="scenarios" finished-at="2022-08-06T12:53:36 IST" duration-ms="28079" status="PASS">
          <params>
            <param index="0">
              <value>
                <![CDATA["login student with the id and phone number and upload certificate"]]>
              </value>
            </param>
            <param index="1">
              <value>
                <![CDATA["Login as a student and Upload product then approve,decline and verify the status of all the certificate"]]>
              </value>
            </param>
          </params>
          <reporter-output>
          </reporter-output>
        </test-method> <!-- runScenario -->
        <test-method signature="runScenario(io.cucumber.testng.PickleWrapper,io.cucumber.testng.FeatureWrapper)[pri:0, instance:com.runners.RunnerClass@16612a51]" started-at="2022-08-06T12:53:36 IST" name="runScenario" description="Runs Cucumber Scenarios" data-provider="scenarios" finished-at="2022-08-06T12:54:07 IST" duration-ms="31048" status="PASS">
          <params>
            <param index="0">
              <value>
                <![CDATA["login student with the id and phone number and upload certificate"]]>
              </value>
            </param>
            <param index="1">
              <value>
                <![CDATA["Login as a student and Upload product then approve,decline and verify the status of all the certificate"]]>
              </value>
            </param>
          </params>
          <reporter-output>
          </reporter-output>
        </test-method> <!-- runScenario -->
        <test-method signature="runScenario(io.cucumber.testng.PickleWrapper,io.cucumber.testng.FeatureWrapper)[pri:0, instance:com.runners.RunnerClass@16612a51]" started-at="2022-08-06T12:54:07 IST" name="runScenario" description="Runs Cucumber Scenarios" data-provider="scenarios" finished-at="2022-08-06T12:54:23 IST" duration-ms="16387" status="PASS">
          <params>
            <param index="0">
              <value>
                <![CDATA["login student with the id and phone number and upload certificate"]]>
              </value>
            </param>
            <param index="1">
              <value>
                <![CDATA["Login as a student and Upload product then approve,decline and verify the status of all the certificate"]]>
              </value>
            </param>
          </params>
          <reporter-output>
          </reporter-output>
        </test-method> <!-- runScenario -->
        <test-method signature="runScenario(io.cucumber.testng.PickleWrapper,io.cucumber.testng.FeatureWrapper)[pri:0, instance:com.runners.RunnerClass@16612a51]" started-at="2022-08-06T12:54:23 IST" name="runScenario" description="Runs Cucumber Scenarios" data-provider="scenarios" finished-at="2022-08-06T12:54:29 IST" duration-ms="6070" status="PASS">
          <params>
            <param index="0">
              <value>
                <![CDATA["login to admin page approve certificate"]]>
              </value>
            </param>
            <param index="1">
              <value>
                <![CDATA["Login as a student and Upload product then approve,decline and verify the status of all the certificate"]]>
              </value>
            </param>
          </params>
          <reporter-output>
          </reporter-output>
        </test-method> <!-- runScenario -->
        <test-method signature="runScenario(io.cucumber.testng.PickleWrapper,io.cucumber.testng.FeatureWrapper)[pri:0, instance:com.runners.RunnerClass@16612a51]" started-at="2022-08-06T12:54:29 IST" name="runScenario" description="Runs Cucumber Scenarios" data-provider="scenarios" finished-at="2022-08-06T12:54:35 IST" duration-ms="6109" status="PASS">
          <params>
            <param index="0">
              <value>
                <![CDATA["login to admin page decline certificate"]]>
              </value>
            </param>
            <param index="1">
              <value>
                <![CDATA["Login as a student and Upload product then approve,decline and verify the status of all the certificate"]]>
              </value>
            </param>
          </params>
          <reporter-output>
          </reporter-output>
        </test-method> <!-- runScenario -->
        <test-method signature="runScenario(io.cucumber.testng.PickleWrapper,io.cucumber.testng.FeatureWrapper)[pri:0, instance:com.runners.RunnerClass@16612a51]" started-at="2022-08-06T12:54:35 IST" name="runScenario" description="Runs Cucumber Scenarios" data-provider="scenarios" finished-at="2022-08-06T12:54:40 IST" duration-ms="4334" status="PASS">
          <params>
            <param index="0">
              <value>
                <![CDATA["login to admin page and verify pending certificate"]]>
              </value>
            </param>
            <param index="1">
              <value>
                <![CDATA["Login as a student and Upload product then approve,decline and verify the status of all the certificate"]]>
              </value>
            </param>
          </params>
          <reporter-output>
          </reporter-output>
        </test-method> <!-- runScenario -->
        <test-method signature="runScenario(io.cucumber.testng.PickleWrapper,io.cucumber.testng.FeatureWrapper)[pri:0, instance:com.runners.RunnerClass@16612a51]" started-at="2022-08-06T12:54:40 IST" name="runScenario" description="Runs Cucumber Scenarios" data-provider="scenarios" finished-at="2022-08-06T12:54:44 IST" duration-ms="4648" status="PASS">
          <params>
            <param index="0">
              <value>
                <![CDATA["login to admin page and verify approved certificate"]]>
              </value>
            </param>
            <param index="1">
              <value>
                <![CDATA["Login as a student and Upload product then approve,decline and verify the status of all the certificate"]]>
              </value>
            </param>
          </params>
          <reporter-output>
          </reporter-output>
        </test-method> <!-- runScenario -->
        <test-method signature="runScenario(io.cucumber.testng.PickleWrapper,io.cucumber.testng.FeatureWrapper)[pri:0, instance:com.runners.RunnerClass@16612a51]" started-at="2022-08-06T12:54:44 IST" name="runScenario" description="Runs Cucumber Scenarios" data-provider="scenarios" finished-at="2022-08-06T12:54:50 IST" duration-ms="5567" status="PASS">
          <params>
            <param index="0">
              <value>
                <![CDATA["login to admin page and verify decline certificate"]]>
              </value>
            </param>
            <param index="1">
              <value>
                <![CDATA["Login as a student and Upload product then approve,decline and verify the status of all the certificate"]]>
              </value>
            </param>
          </params>
          <reporter-output>
          </reporter-output>
        </test-method> <!-- runScenario -->
        <test-method is-config="true" signature="tearDownClass()[pri:0, instance:com.runners.RunnerClass@16612a51]" started-at="2022-08-06T12:54:50 IST" name="tearDownClass" finished-at="2022-08-06T12:54:58 IST" duration-ms="8406" status="PASS">
          <reporter-output>
          </reporter-output>
        </test-method> <!-- tearDownClass -->
      </class> <!-- com.runners.RunnerClass -->
    </test> <!-- Default test -->
  </suite> <!-- Default suite -->
</testng-results>
